Untracing function "install.packages" in package "utils"
* installing *source* package ‘sundialr’ ...
** this is package ‘sundialr’ version ‘0.1.7’
** using staged installation
checking whether the C++ compiler works... yes
checking for C++ compiler default output file name... a.out
checking for suffix of executables... 
checking whether we are cross compiling... no
checking for suffix of object files... o
checking whether the compiler supports GNU C++... yes
checking whether g++ -std=gnu++17 accepts -g... yes
checking for g++ -std=gnu++17 option to enable C++11 features... none needed
checking how to run the C++ preprocessor... g++ -std=gnu++17 -E
checking whether the compiler supports GNU C++... (cached) yes
checking whether g++ -std=gnu++17 accepts -g... (cached) yes
checking for g++ -std=gnu++17 option to enable C++11 features... (cached) none needed
checking for cmake... /usr/bin/cmake
Untracing function "install.packages" in package "utils"
set CMAKE_BIN=/usr/bin/cmake
Untracing function "install.packages" in package "utils"
set CC=gcc -std=gnu2x
set CFLAGS= -fpic -g -O2 -fno-omit-frame-pointer -mno-omit-leaf-frame-pointer -ffile-prefix-map=/build/r-base-tpN123/r-base-4.5.3=. -fstack-protector-strong -fstack-clash-protection -Wformat -Werror=format-security -fcf-protection -fdebug-prefix-map=/build/r-base-tpN123/r-base-4.5.3=/usr/src/r-base-4.5.3-1.2404.0 -Wdate-time -D_FORTIFY_SOURCE=3
set CXX=g++
set CXXFLAGS=-std=gnu++11 -fpic -g -O2 -fno-omit-frame-pointer -mno-omit-leaf-frame-pointer -ffile-prefix-map=/build/r-base-tpN123/r-base-4.5.3=. -fstack-protector-strong -fstack-clash-protection -Wformat -Werror=format-security -fcf-protection -fdebug-prefix-map=/build/r-base-tpN123/r-base-4.5.3=/usr/src/r-base-4.5.3-1.2404.0 -Wdate-time -D_FORTIFY_SOURCE=3
set LDFLAGS=-Wl,-Bsymbolic-functions -flto=auto -ffat-lto-objects -Wl,-z,relro
-- The C compiler identification is GNU 13.3.0
-- Detecting C compiler ABI info
-- Detecting C compiler ABI info - done
-- Check for working C compiler: /usr/bin/gcc - skipped
-- Detecting C compile features
-- Detecting C compile features - done
-- SUNDIALS_GIT_VERSION: 
-- Building SUNDIALS in 'Release' mode.
-- Looking for sys/types.h
-- Looking for sys/types.h - found
-- Looking for stdint.h
-- Looking for stdint.h - found
-- Looking for stddef.h
-- Looking for stddef.h - found
-- Check size of int64_t
-- Check size of int64_t - done
-- Using int64_t for indices
-- C standard set to 99
-- C extensions set to ON
-- Performing Test SUNDIALS_C_COMPILER_HAS_BUILTIN_EXPECT
-- Performing Test SUNDIALS_C_COMPILER_HAS_BUILTIN_EXPECT - Success
-- Performing Test SUNDIALS_C_COMPILER_HAS_ATTRIBUTE_ASSUME
-- Performing Test SUNDIALS_C_COMPILER_HAS_ATTRIBUTE_ASSUME - Success
-- Performing Test SUNDIALS_C_COMPILER_HAS_ATTRIBUTE_UNUSED
-- Performing Test SUNDIALS_C_COMPILER_HAS_ATTRIBUTE_UNUSED - Success
-- Looking for POSIX timers... found
-- Performing Test COMPILER_HAS_DEPRECATED_MSG
-- Performing Test COMPILER_HAS_DEPRECATED_MSG - Success
-- Appending C RELEASE flags
-- Performing Test COMPILER_HAS_HIDDEN_VISIBILITY
-- Performing Test COMPILER_HAS_HIDDEN_VISIBILITY - Success
-- Performing Test COMPILER_HAS_HIDDEN_INLINE_VISIBILITY
-- Performing Test COMPILER_HAS_HIDDEN_INLINE_VISIBILITY - Failed
-- Performing Test COMPILER_HAS_DEPRECATED_ATTR
-- Performing Test COMPILER_HAS_DEPRECATED_ATTR - Success
-- Added NVECTOR_SERIAL module
-- Added NVECTOR_MANYVECTOR module
-- Added SUNMATRIX_BAND module
-- Added SUNMATRIX_DENSE module
-- Added SUNMATRIX_SPARSE module
-- Added SUNLINSOL_BAND module
-- Added SUNLINSOL_DENSE module
-- Added SUNLINSOL_PCG module
-- Added SUNLINSOL_SPBCGS module
-- Added SUNLINSOL_SPFGMR module
-- Added SUNLINSOL_SPGMR module
-- Added SUNLINSOL_SPTFQMR module
-- Added SUNNONLINSOL_NEWTON module
-- Added SUNNONLINSOL_FIXEDPOINT module
-- Added SUNDOMEIGEST_POWER module
-- Added ARKODE module
-- Added CVODE module
-- Added CVODES module
-- Added IDA module
-- Added IDAS module
-- Added KINSOL module
-- Configuring done (2.3s)
-- Generating done (0.1s)
-- Build files have been written to: /home/quantilogy/Documents/GitHub/sn248/sundialr/sundialr.Rcheck/00_pkg_src/sundialr/src/sundials-build
[  1%] Building C object src/sundials/CMakeFiles/sundials_core_obj_static.dir/sundials_adaptcontroller.c.o
[  1%] Building C object src/sundials/CMakeFiles/sundials_core_obj_static.dir/sundatanode/sundatanode_inmem.c.o
[  2%] Building C object src/sundials/CMakeFiles/sundials_core_obj_static.dir/sundials_adjointcheckpointscheme.c.o
[  2%] Building C object src/sundials/CMakeFiles/sundials_core_obj_static.dir/sundials_adjointstepper.c.o
[  3%] Building C object src/sundials/CMakeFiles/sundials_core_obj_static.dir/sundials_band.c.o
[  4%] Building C object src/sundials/CMakeFiles/sundials_core_obj_static.dir/sundials_cli.c.o
[  4%] Building C object src/sundials/CMakeFiles/sundials_core_obj_static.dir/sundials_context.c.o
[  5%] Building C object src/sundials/CMakeFiles/sundials_core_obj_static.dir/sundials_dense.c.o
[  6%] Building C object src/sundials/CMakeFiles/sundials_core_obj_static.dir/sundials_datanode.c.o
[  6%] Building C object src/sundials/CMakeFiles/sundials_core_obj_static.dir/sundials_direct.c.o
[  7%] Building C object src/sundials/CMakeFiles/sundials_core_obj_static.dir/sundials_errors.c.o
[  8%] Building C object src/sundials/CMakeFiles/sundials_core_obj_static.dir/sundials_domeigestimator.c.o
[  8%] Building C object src/sundials/CMakeFiles/sundials_core_obj_static.dir/sundials_futils.c.o
[  9%] Building C object src/sundials/CMakeFiles/sundials_core_obj_static.dir/sundials_hashmap.c.o
[ 10%] Building C object src/sundials/CMakeFiles/sundials_core_obj_static.dir/sundials_iterative.c.o
[ 10%] Building C object src/sundials/CMakeFiles/sundials_core_obj_static.dir/sundials_linearsolver.c.o
[ 11%] Building C object src/sundials/CMakeFiles/sundials_core_obj_static.dir/sundials_logger.c.o
[ 12%] Building C object src/sundials/CMakeFiles/sundials_core_obj_static.dir/sundials_math.c.o
[ 12%] Building C object src/sundials/CMakeFiles/sundials_core_obj_static.dir/sundials_matrix.c.o
[ 13%] Building C object src/sundials/CMakeFiles/sundials_core_obj_static.dir/sundials_memory.c.o
[ 14%] Building C object src/sundials/CMakeFiles/sundials_core_obj_static.dir/sundials_nonlinearsolver.c.o
[ 14%] Building C object src/sundials/CMakeFiles/sundials_core_obj_static.dir/sundials_nvector_senswrapper.c.o
[ 15%] Building C object src/sundials/CMakeFiles/sundials_core_obj_static.dir/sundials_nvector.c.o
[ 16%] Building C object src/sundials/CMakeFiles/sundials_core_obj_static.dir/sundials_stepper.c.o
[ 16%] Building C object src/sundials/CMakeFiles/sundials_core_obj_static.dir/sundials_profiler.c.o
[ 17%] Building C object src/sundials/CMakeFiles/sundials_core_obj_static.dir/sundials_version.c.o
[ 17%] Built target sundials_core_obj_static
[ 18%] Linking C static library libsundials_core.a
[ 18%] Built target sundials_core_static
[ 18%] Built target fake_sundials_nvecserial_obj_static
[ 18%] Built target fake_sundials_nvecmanyvector_obj_static
[ 18%] Built target fake_sundials_sunmatrixdense_obj_static
[ 18%] Built target fake_sundials_sunmatrixband_obj_static
[ 18%] Built target fake_sundials_sunmatrixsparse_obj_static
[ 18%] Built target fake_sundials_sunlinsolpcg_obj_static
[ 18%] Built target fake_sundials_sunlinsolspbcgs_obj_static
[ 18%] Built target fake_sundials_sunlinsolspfgmr_obj_static
[ 18%] Built target fake_sundials_sunlinsolsptfqmr_obj_static
[ 18%] Built target fake_sundials_sunlinsolspgmr_obj_static
[ 18%] Built target fake_sundials_sunnonlinsolfixedpoint_obj_static
[ 18%] Built target fake_sundials_sunnonlinsolnewton_obj_static
[ 18%] Built target fake_sundials_sunmemsys_obj_static
[ 18%] Built target fake_sundials_sunadaptcontrollerimexgus_obj_static
[ 18%] Built target fake_sundials_sunadaptcontrollersoderlind_obj_static
[ 18%] Built target fake_sundials_sunadaptcontrollermrihtol_obj_static
[ 18%] Built target fake_sundials_adjointcheckpointscheme_fixed_obj_static
[ 18%] Built target fake_sundials_sundomeigestpower_obj_static
[ 18%] Built target fake_sundials_arkode_obj_static
[ 18%] Built target fake_sundials_cvode_obj_static
[ 18%] Built target fake_sundials_cvodes_obj_static
[ 18%] Built target fake_sundials_ida_obj_static
[ 18%] Built target fake_sundials_kinsol_obj_static
[ 18%] Built target fake_sundials_idas_obj_static
[ 19%] Building C object src/nvector/manyvector/CMakeFiles/sundials_nvecmanyvector_obj_static.dir/nvector_manyvector.c.o
[ 20%] Building C object src/nvector/serial/CMakeFiles/sundials_nvecserial_obj_static.dir/nvector_serial.c.o
[ 20%] Built target sundials_nvecmanyvector_obj_static
[ 21%] Building C object src/sunmatrix/band/CMakeFiles/sundials_sunmatrixband_obj_static.dir/sunmatrix_band.c.o
[ 21%] Built target sundials_sunmatrixband_obj_static
[ 21%] Building C object src/sunmatrix/dense/CMakeFiles/sundials_sunmatrixdense_obj_static.dir/sunmatrix_dense.c.o
[ 21%] Built target sundials_nvecserial_obj_static
[ 21%] Built target sundials_sunmatrixdense_obj_static
[ 22%] Building C object src/sunmatrix/sparse/CMakeFiles/sundials_sunmatrixsparse_obj_static.dir/sunmatrix_sparse.c.o
[ 22%] Building C object src/sunlinsol/pcg/CMakeFiles/sundials_sunlinsolpcg_obj_static.dir/sunlinsol_pcg.c.o
[ 22%] Built target sundials_sunlinsolpcg_obj_static
[ 23%] Building C object src/sunlinsol/spbcgs/CMakeFiles/sundials_sunlinsolspbcgs_obj_static.dir/sunlinsol_spbcgs.c.o
[ 23%] Built target sundials_sunlinsolspbcgs_obj_static
[ 23%] Built target sundials_sunmatrixsparse_obj_static
[ 23%] Building C object src/sunlinsol/spgmr/CMakeFiles/sundials_sunlinsolspgmr_obj_static.dir/sunlinsol_spgmr.c.o
[ 24%] Building C object src/sunlinsol/spfgmr/CMakeFiles/sundials_sunlinsolspfgmr_obj_static.dir/sunlinsol_spfgmr.c.o
[ 24%] Built target sundials_sunlinsolspfgmr_obj_static
[ 24%] Built target sundials_sunlinsolspgmr_obj_static
[ 25%] Building C object src/sunlinsol/sptfqmr/CMakeFiles/sundials_sunlinsolsptfqmr_obj_static.dir/sunlinsol_sptfqmr.c.o
[ 26%] Building C object src/sunnonlinsol/newton/CMakeFiles/sundials_sunnonlinsolnewton_obj_static.dir/sunnonlinsol_newton.c.o
[ 26%] Built target sundials_sunnonlinsolnewton_obj_static
[ 27%] Building C object src/sunnonlinsol/fixedpoint/CMakeFiles/sundials_sunnonlinsolfixedpoint_obj_static.dir/sunnonlinsol_fixedpoint.c.o
[ 27%] Built target sundials_sunlinsolsptfqmr_obj_static
[ 28%] Building C object src/sunmemory/system/CMakeFiles/sundials_sunmemsys_obj_static.dir/sundials_system_memory.c.o
[ 28%] Built target sundials_sunmemsys_obj_static
[ 28%] Building C object src/sunadaptcontroller/imexgus/CMakeFiles/sundials_sunadaptcontrollerimexgus_obj_static.dir/sunadaptcontroller_imexgus.c.o
[ 28%] Built target sundials_sunnonlinsolfixedpoint_obj_static
[ 29%] Building C object src/sunadaptcontroller/soderlind/CMakeFiles/sundials_sunadaptcontrollersoderlind_obj_static.dir/sunadaptcontroller_soderlind.c.o
[ 29%] Built target sundials_sunadaptcontrollerimexgus_obj_static
[ 30%] Building C object src/sunadaptcontroller/mrihtol/CMakeFiles/sundials_sunadaptcontrollermrihtol_obj_static.dir/sunadaptcontroller_mrihtol.c.o
[ 30%] Built target sundials_sunadaptcontrollersoderlind_obj_static
[ 30%] Building C object src/sunadjointcheckpointscheme/fixed/CMakeFiles/sundials_adjointcheckpointscheme_fixed_obj_static.dir/sunadjointcheckpointscheme_fixed.c.o
[ 30%] Built target sundials_sunadaptcontrollermrihtol_obj_static
[ 30%] Building C object src/sundomeigest/power/CMakeFiles/sundials_sundomeigestpower_obj_static.dir/sundomeigest_power.c.o
[ 30%] Built target sundials_adjointcheckpointscheme_fixed_obj_static
[ 31%] Linking C static library libsundials_nvecserial.a
[ 31%] Built target sundials_nvecserial_static
[ 31%] Built target sundials_sundomeigestpower_obj_static
[ 31%] Linking C static library libsundials_nvecmanyvector.a
[ 32%] Linking C static library libsundials_sunmatrixband.a
[ 32%] Built target sundials_nvecmanyvector_static
[ 32%] Built target sundials_sunmatrixband_static
[ 33%] Linking C static library libsundials_sunmatrixdense.a
[ 33%] Linking C static library libsundials_sunmatrixsparse.a
[ 33%] Built target sundials_sunmatrixdense_static
[ 33%] Built target sundials_sunmatrixsparse_static
[ 33%] Built target fake_sundials_sunlinsolband_obj_static
[ 33%] Built target fake_sundials_sunlinsoldense_obj_static
[ 34%] Linking C static library libsundials_sunlinsolpcg.a
[ 34%] Linking C static library libsundials_sunlinsolspbcgs.a
[ 34%] Built target sundials_sunlinsolpcg_static
[ 34%] Built target sundials_sunlinsolspbcgs_static
[ 35%] Linking C static library libsundials_sunlinsolspfgmr.a
[ 36%] Linking C static library libsundials_sunlinsolspgmr.a
[ 36%] Built target sundials_sunlinsolspfgmr_static
[ 36%] Built target sundials_sunlinsolspgmr_static
[ 36%] Linking C static library libsundials_sunlinsolsptfqmr.a
[ 37%] Linking C static library libsundials_sunnonlinsolnewton.a
[ 37%] Built target sundials_sunlinsolsptfqmr_static
[ 37%] Built target sundials_sunnonlinsolnewton_static
[ 37%] Linking C static library libsundials_sunnonlinsolfixedpoint.a
[ 38%] Linking C static library libsundials_sundomeigestpower.a
[ 38%] Built target sundials_sunnonlinsolfixedpoint_static
[ 38%] Built target sundials_sundomeigestpower_static
[ 39%] Building C object src/sunlinsol/band/CMakeFiles/sundials_sunlinsolband_obj_static.dir/sunlinsol_band.c.o
[ 40%] Building C object src/sunlinsol/dense/CMakeFiles/sundials_sunlinsoldense_obj_static.dir/sunlinsol_dense.c.o
[ 40%] Built target sundials_sunlinsolband_obj_static
[ 40%] Built target sundials_sunlinsoldense_obj_static
[ 40%] Linking C static library libsundials_sunlinsolband.a
[ 41%] Linking C static library libsundials_sunlinsoldense.a
[ 41%] Built target sundials_sunlinsolband_static
[ 41%] Built target sundials_sunlinsoldense_static
[ 42%] Building C object src/arkode/CMakeFiles/sundials_arkode_obj_static.dir/arkode_adapt.c.o
[ 42%] Building C object src/cvode/CMakeFiles/sundials_cvode_obj_static.dir/cvode.c.o
[ 42%] Building C object src/arkode/CMakeFiles/sundials_arkode_obj_static.dir/arkode_arkstep_io.c.o
[ 43%] Building C object src/arkode/CMakeFiles/sundials_arkode_obj_static.dir/arkode_arkstep_nls.c.o
[ 44%] Building C object src/arkode/CMakeFiles/sundials_arkode_obj_static.dir/arkode_arkstep.c.o
[ 45%] Building C object src/cvode/CMakeFiles/sundials_cvode_obj_static.dir/cvode_bandpre.c.o
[ 46%] Building C object src/cvode/CMakeFiles/sundials_cvode_obj_static.dir/cvode_bbdpre.c.o
[ 46%] Building C object src/cvode/CMakeFiles/sundials_cvode_obj_static.dir/cvode_cli.c.o
[ 47%] Building C object src/cvode/CMakeFiles/sundials_cvode_obj_static.dir/cvode_diag.c.o
[ 48%] Building C object src/cvode/CMakeFiles/sundials_cvode_obj_static.dir/cvode_io.c.o
[ 48%] Building C object src/arkode/CMakeFiles/sundials_arkode_obj_static.dir/arkode_bandpre.c.o
[ 48%] Building C object src/cvode/CMakeFiles/sundials_cvode_obj_static.dir/cvode_ls.c.o
[ 49%] Building C object src/arkode/CMakeFiles/sundials_arkode_obj_static.dir/arkode_bbdpre.c.o
[ 50%] Building C object src/arkode/CMakeFiles/sundials_arkode_obj_static.dir/arkode_butcher_dirk.c.o
[ 51%] Building C object src/cvode/CMakeFiles/sundials_cvode_obj_static.dir/cvode_nls.c.o
[ 51%] Building C object src/arkode/CMakeFiles/sundials_arkode_obj_static.dir/arkode_butcher_erk.c.o
[ 52%] Building C object src/cvode/CMakeFiles/sundials_cvode_obj_static.dir/cvode_proj.c.o
[ 52%] Building C object src/cvode/CMakeFiles/sundials_cvode_obj_static.dir/cvode_resize.c.o
[ 53%] Building C object src/arkode/CMakeFiles/sundials_arkode_obj_static.dir/arkode_butcher.c.o
[ 53%] Built target sundials_cvode_obj_static
[ 54%] Building C object src/cvodes/CMakeFiles/sundials_cvodes_obj_static.dir/cvodea.c.o
[ 54%] Building C object src/cvodes/CMakeFiles/sundials_cvodes_obj_static.dir/cvodea_io.c.o
[ 55%] Building C object src/cvodes/CMakeFiles/sundials_cvodes_obj_static.dir/cvodes.c.o
[ 55%] Building C object src/cvodes/CMakeFiles/sundials_cvodes_obj_static.dir/cvodes_bandpre.c.o
[ 56%] Building C object src/cvodes/CMakeFiles/sundials_cvodes_obj_static.dir/cvodes_bbdpre.c.o
[ 57%] Building C object src/cvodes/CMakeFiles/sundials_cvodes_obj_static.dir/cvodes_cli.c.o
[ 57%] Building C object src/cvodes/CMakeFiles/sundials_cvodes_obj_static.dir/cvodes_diag.c.o
[ 58%] Building C object src/cvodes/CMakeFiles/sundials_cvodes_obj_static.dir/cvodes_io.c.o
[ 59%] Building C object src/arkode/CMakeFiles/sundials_arkode_obj_static.dir/arkode_cli.c.o
[ 60%] Building C object src/cvodes/CMakeFiles/sundials_cvodes_obj_static.dir/cvodes_ls.c.o
[ 60%] Building C object src/arkode/CMakeFiles/sundials_arkode_obj_static.dir/arkode_erkstep_io.c.o
[ 61%] Building C object src/arkode/CMakeFiles/sundials_arkode_obj_static.dir/arkode_erkstep.c.o
[ 61%] Building C object src/cvodes/CMakeFiles/sundials_cvodes_obj_static.dir/cvodes_nls.c.o
[ 62%] Building C object src/cvodes/CMakeFiles/sundials_cvodes_obj_static.dir/cvodes_nls_sim.c.o
[ 63%] Building C object src/arkode/CMakeFiles/sundials_arkode_obj_static.dir/arkode_forcingstep.c.o
[ 64%] Building C object src/cvodes/CMakeFiles/sundials_cvodes_obj_static.dir/cvodes_nls_stg.c.o
[ 64%] Building C object src/arkode/CMakeFiles/sundials_arkode_obj_static.dir/arkode_interp.c.o
[ 64%] Building C object src/cvodes/CMakeFiles/sundials_cvodes_obj_static.dir/cvodes_nls_stg1.c.o
[ 65%] Building C object src/cvodes/CMakeFiles/sundials_cvodes_obj_static.dir/cvodes_proj.c.o
[ 66%] Building C object src/cvodes/CMakeFiles/sundials_cvodes_obj_static.dir/cvodes_resize.c.o
[ 67%] Building C object src/arkode/CMakeFiles/sundials_arkode_obj_static.dir/arkode_io.c.o
[ 67%] Built target sundials_cvodes_obj_static
[ 68%] Building C object src/arkode/CMakeFiles/sundials_arkode_obj_static.dir/arkode_ls.c.o
[ 68%] Building C object src/arkode/CMakeFiles/sundials_arkode_obj_static.dir/arkode_lsrkstep_io.c.o
[ 69%] Building C object src/arkode/CMakeFiles/sundials_arkode_obj_static.dir/arkode_lsrkstep.c.o
[ 70%] Building C object src/arkode/CMakeFiles/sundials_arkode_obj_static.dir/arkode_mri_tables.c.o
[ 70%] Building C object src/arkode/CMakeFiles/sundials_arkode_obj_static.dir/arkode_mristep_controller.c.o
[ 71%] Building C object src/arkode/CMakeFiles/sundials_arkode_obj_static.dir/arkode_mristep_io.c.o
[ 72%] Building C object src/arkode/CMakeFiles/sundials_arkode_obj_static.dir/arkode_mristep_nls.c.o
[ 72%] Building C object src/arkode/CMakeFiles/sundials_arkode_obj_static.dir/arkode_mristep.c.o
[ 73%] Building C object src/arkode/CMakeFiles/sundials_arkode_obj_static.dir/arkode_relaxation.c.o
[ 74%] Building C object src/arkode/CMakeFiles/sundials_arkode_obj_static.dir/arkode_root.c.o
[ 75%] Building C object src/ida/CMakeFiles/sundials_ida_obj_static.dir/ida.c.o
[ 75%] Building C object src/arkode/CMakeFiles/sundials_arkode_obj_static.dir/arkode_splittingstep_coefficients.c.o
[ 76%] Building C object src/arkode/CMakeFiles/sundials_arkode_obj_static.dir/arkode_splittingstep.c.o
[ 77%] Building C object src/arkode/CMakeFiles/sundials_arkode_obj_static.dir/arkode_sprkstep_io.c.o
[ 78%] Building C object src/ida/CMakeFiles/sundials_ida_obj_static.dir/ida_bbdpre.c.o
[ 78%] Building C object src/arkode/CMakeFiles/sundials_arkode_obj_static.dir/arkode_sprkstep.c.o
[ 78%] Building C object src/ida/CMakeFiles/sundials_ida_obj_static.dir/ida_cli.c.o
[ 79%] Building C object src/arkode/CMakeFiles/sundials_arkode_obj_static.dir/arkode_sprk.c.o
[ 80%] Building C object src/ida/CMakeFiles/sundials_ida_obj_static.dir/ida_ic.c.o
[ 81%] Building C object src/arkode/CMakeFiles/sundials_arkode_obj_static.dir/arkode_sunstepper.c.o
[ 82%] Building C object src/ida/CMakeFiles/sundials_ida_obj_static.dir/ida_io.c.o
[ 82%] Building C object src/arkode/CMakeFiles/sundials_arkode_obj_static.dir/arkode_user_controller.c.o
[ 83%] Building C object src/arkode/CMakeFiles/sundials_arkode_obj_static.dir/arkode.c.o
[ 83%] Building C object src/ida/CMakeFiles/sundials_ida_obj_static.dir/ida_ls.c.o
[ 84%] Building C object src/ida/CMakeFiles/sundials_ida_obj_static.dir/ida_nls.c.o
[ 84%] Built target sundials_ida_obj_static
[ 84%] Built target sundials_arkode_obj_static
[ 84%] Building C object src/idas/CMakeFiles/sundials_idas_obj_static.dir/idas.c.o
[ 84%] Building C object src/kinsol/CMakeFiles/sundials_kinsol_obj_static.dir/kinsol_aa.c.o
[ 85%] Building C object src/kinsol/CMakeFiles/sundials_kinsol_obj_static.dir/kinsol_bbdpre.c.o
[ 86%] Building C object src/kinsol/CMakeFiles/sundials_kinsol_obj_static.dir/kinsol_cli.c.o
[ 86%] Building C object src/kinsol/CMakeFiles/sundials_kinsol_obj_static.dir/kinsol_io.c.o
[ 87%] Building C object src/kinsol/CMakeFiles/sundials_kinsol_obj_static.dir/kinsol_ls.c.o
[ 88%] Building C object src/kinsol/CMakeFiles/sundials_kinsol_obj_static.dir/kinsol_orth.c.o
[ 88%] Building C object src/kinsol/CMakeFiles/sundials_kinsol_obj_static.dir/kinsol.c.o
[ 88%] Built target sundials_kinsol_obj_static
[ 89%] Building C object src/idas/CMakeFiles/sundials_idas_obj_static.dir/idaa.c.o
[ 90%] Building C object src/idas/CMakeFiles/sundials_idas_obj_static.dir/idas_cli.c.o
[ 90%] Building C object src/idas/CMakeFiles/sundials_idas_obj_static.dir/idas_io.c.o
[ 91%] Building C object src/idas/CMakeFiles/sundials_idas_obj_static.dir/idas_ic.c.o
[ 92%] Building C object src/idas/CMakeFiles/sundials_idas_obj_static.dir/idaa_io.c.o
[ 92%] Building C object src/idas/CMakeFiles/sundials_idas_obj_static.dir/idas_ls.c.o
[ 93%] Building C object src/idas/CMakeFiles/sundials_idas_obj_static.dir/idas_bbdpre.c.o
[ 94%] Building C object src/idas/CMakeFiles/sundials_idas_obj_static.dir/idas_nls.c.o
[ 94%] Building C object src/idas/CMakeFiles/sundials_idas_obj_static.dir/idas_nls_sim.c.o
[ 95%] Building C object src/idas/CMakeFiles/sundials_idas_obj_static.dir/idas_nls_stg.c.o
[ 96%] Linking C static library libsundials_arkode.a
[ 96%] Built target sundials_idas_obj_static
[ 97%] Linking C static library libsundials_cvode.a
[ 97%] Built target sundials_arkode_static
[ 97%] Linking C static library libsundials_cvodes.a
[ 97%] Built target sundials_cvode_static
[ 98%] Linking C static library libsundials_ida.a
[ 98%] Built target sundials_cvodes_static
[ 98%] Built target sundials_ida_static
[ 99%] Linking C static library libsundials_idas.a
[100%] Linking C static library libsundials_kinsol.a
[100%] Built target sundials_idas_static
[100%] Built target sundials_kinsol_static
[ 17%] Built target sundials_core_obj_static
[ 18%] Built target sundials_core_static
[ 18%] Built target fake_sundials_nvecserial_obj_static
[ 19%] Built target sundials_nvecserial_obj_static
[ 20%] Built target sundials_nvecserial_static
[ 20%] Built target fake_sundials_nvecmanyvector_obj_static
[ 21%] Built target sundials_nvecmanyvector_obj_static
[ 21%] Built target sundials_nvecmanyvector_static
[ 21%] Built target fake_sundials_sunmatrixband_obj_static
[ 22%] Built target sundials_sunmatrixband_obj_static
[ 23%] Built target sundials_sunmatrixband_static
[ 23%] Built target fake_sundials_sunmatrixdense_obj_static
[ 23%] Built target sundials_sunmatrixdense_obj_static
[ 24%] Built target sundials_sunmatrixdense_static
[ 24%] Built target fake_sundials_sunmatrixsparse_obj_static
[ 25%] Built target sundials_sunmatrixsparse_obj_static
[ 25%] Built target sundials_sunmatrixsparse_static
[ 25%] Built target fake_sundials_sunlinsolband_obj_static
[ 26%] Built target sundials_sunlinsolband_obj_static
[ 26%] Built target sundials_sunlinsolband_static
[ 26%] Built target fake_sundials_sunlinsoldense_obj_static
[ 27%] Built target sundials_sunlinsoldense_obj_static
[ 28%] Built target sundials_sunlinsoldense_static
[ 28%] Built target fake_sundials_sunlinsolpcg_obj_static
[ 28%] Built target sundials_sunlinsolpcg_obj_static
[ 29%] Built target sundials_sunlinsolpcg_static
[ 29%] Built target fake_sundials_sunlinsolspbcgs_obj_static
[ 30%] Built target sundials_sunlinsolspbcgs_obj_static
[ 30%] Built target sundials_sunlinsolspbcgs_static
[ 30%] Built target fake_sundials_sunlinsolspfgmr_obj_static
[ 31%] Built target sundials_sunlinsolspfgmr_obj_static
[ 32%] Built target sundials_sunlinsolspfgmr_static
[ 32%] Built target fake_sundials_sunlinsolspgmr_obj_static
[ 32%] Built target sundials_sunlinsolspgmr_obj_static
[ 33%] Built target sundials_sunlinsolspgmr_static
[ 33%] Built target fake_sundials_sunlinsolsptfqmr_obj_static
[ 34%] Built target sundials_sunlinsolsptfqmr_obj_static
[ 34%] Built target sundials_sunlinsolsptfqmr_static
[ 34%] Built target fake_sundials_sunnonlinsolnewton_obj_static
[ 35%] Built target sundials_sunnonlinsolnewton_obj_static
[ 36%] Built target sundials_sunnonlinsolnewton_static
[ 36%] Built target fake_sundials_sunnonlinsolfixedpoint_obj_static
[ 37%] Built target sundials_sunnonlinsolfixedpoint_obj_static
[ 37%] Built target sundials_sunnonlinsolfixedpoint_static
[ 37%] Built target fake_sundials_sunmemsys_obj_static
[ 38%] Built target sundials_sunmemsys_obj_static
[ 38%] Built target fake_sundials_sunadaptcontrollerimexgus_obj_static
[ 38%] Built target sundials_sunadaptcontrollerimexgus_obj_static
[ 38%] Built target fake_sundials_sunadaptcontrollersoderlind_obj_static
[ 39%] Built target sundials_sunadaptcontrollersoderlind_obj_static
[ 39%] Built target fake_sundials_sunadaptcontrollermrihtol_obj_static
[ 40%] Built target sundials_sunadaptcontrollermrihtol_obj_static
[ 40%] Built target fake_sundials_adjointcheckpointscheme_fixed_obj_static
[ 40%] Built target sundials_adjointcheckpointscheme_fixed_obj_static
[ 40%] Built target fake_sundials_sundomeigestpower_obj_static
[ 40%] Built target sundials_sundomeigestpower_obj_static
[ 41%] Built target sundials_sundomeigestpower_static
[ 41%] Built target fake_sundials_arkode_obj_static
[ 63%] Built target sundials_arkode_obj_static
[ 64%] Built target sundials_arkode_static
[ 64%] Built target fake_sundials_cvode_obj_static
[ 70%] Built target sundials_cvode_obj_static
[ 71%] Built target sundials_cvode_static
[ 71%] Built target fake_sundials_cvodes_obj_static
[ 81%] Built target sundials_cvodes_obj_static
[ 81%] Built target sundials_cvodes_static
[ 81%] Built target fake_sundials_ida_obj_static
[ 86%] Built target sundials_ida_obj_static
[ 87%] Built target sundials_ida_static
[ 87%] Built target fake_sundials_idas_obj_static
[ 94%] Built target sundials_idas_obj_static
[ 95%] Built target sundials_idas_static
[ 95%] Built target fake_sundials_kinsol_obj_static
[ 99%] Built target sundials_kinsol_obj_static
[100%] Built target sundials_kinsol_static
Install the project...
-- Install configuration: "Release"

Install shared components

-- Installing: /home/quantilogy/Documents/GitHub/sn248/sundialr/sundialr.Rcheck/00_pkg_src/sundialr/inst/lib/libsundials_core.a
-- Up-to-date: /home/quantilogy/Documents/GitHub/sn248/sundialr/sundialr.Rcheck/00_pkg_src/sundialr/inst/include/sundials/sundials_adaptcontroller.h
-- Up-to-date: /home/quantilogy/Documents/GitHub/sn248/sundialr/sundialr.Rcheck/00_pkg_src/sundialr/inst/include/sundials/sundials_adaptcontroller.hpp
-- Up-to-date: /home/quantilogy/Documents/GitHub/sn248/sundialr/sundialr.Rcheck/00_pkg_src/sundialr/inst/include/sundials/sundials_adjointcheckpointscheme.h
-- Up-to-date: /home/quantilogy/Documents/GitHub/sn248/sundialr/sundialr.Rcheck/00_pkg_src/sundialr/inst/include/sundials/sundials_adjointcheckpointscheme.hpp
-- Up-to-date: /home/quantilogy/Documents/GitHub/sn248/sundialr/sundialr.Rcheck/00_pkg_src/sundialr/inst/include/sundials/sundials_adjointstepper.h
-- Up-to-date: /home/quantilogy/Documents/GitHub/sn248/sundialr/sundialr.Rcheck/00_pkg_src/sundialr/inst/include/sundials/sundials_adjointstepper.hpp
-- Up-to-date: /home/quantilogy/Documents/GitHub/sn248/sundialr/sundialr.Rcheck/00_pkg_src/sundialr/inst/include/sundials/sundials_band.h
-- Up-to-date: /home/quantilogy/Documents/GitHub/sn248/sundialr/sundialr.Rcheck/00_pkg_src/sundialr/inst/include/sundials/sundials_base.hpp
-- Up-to-date: /home/quantilogy/Documents/GitHub/sn248/sundialr/sundialr.Rcheck/00_pkg_src/sundialr/inst/include/sundials/sundials_classview.hpp
-- Up-to-date: /home/quantilogy/Documents/GitHub/sn248/sundialr/sundialr.Rcheck/00_pkg_src/sundialr/inst/include/sundials/sundials_context.h
-- Up-to-date: /home/quantilogy/Documents/GitHub/sn248/sundialr/sundialr.Rcheck/00_pkg_src/sundialr/inst/include/sundials/sundials_context.hpp
-- Up-to-date: /home/quantilogy/Documents/GitHub/sn248/sundialr/sundialr.Rcheck/00_pkg_src/sundialr/inst/include/sundials/sundials_convertibleto.hpp
-- Up-to-date: /home/quantilogy/Documents/GitHub/sn248/sundialr/sundialr.Rcheck/00_pkg_src/sundialr/inst/include/sundials/sundials_core.h
-- Up-to-date: /home/quantilogy/Documents/GitHub/sn248/sundialr/sundialr.Rcheck/00_pkg_src/sundialr/inst/include/sundials/sundials_core.hpp
-- Up-to-date: /home/quantilogy/Documents/GitHub/sn248/sundialr/sundialr.Rcheck/00_pkg_src/sundialr/inst/include/sundials/sundials_dense.h
-- Up-to-date: /home/quantilogy/Documents/GitHub/sn248/sundialr/sundialr.Rcheck/00_pkg_src/sundialr/inst/include/sundials/sundials_direct.h
-- Up-to-date: /home/quantilogy/Documents/GitHub/sn248/sundialr/sundialr.Rcheck/00_pkg_src/sundialr/inst/include/sundials/sundials_domeigestimator.h
-- Up-to-date: /home/quantilogy/Documents/GitHub/sn248/sundialr/sundialr.Rcheck/00_pkg_src/sundialr/inst/include/sundials/sundials_domeigestimator.hpp
-- Up-to-date: /home/quantilogy/Documents/GitHub/sn248/sundialr/sundialr.Rcheck/00_pkg_src/sundialr/inst/include/sundials/sundials_errors.h
-- Up-to-date: /home/quantilogy/Documents/GitHub/sn248/sundialr/sundialr.Rcheck/00_pkg_src/sundialr/inst/include/sundials/sundials_futils.h
-- Up-to-date: /home/quantilogy/Documents/GitHub/sn248/sundialr/sundialr.Rcheck/00_pkg_src/sundialr/inst/include/sundials/sundials_iterative.h
-- Up-to-date: /home/quantilogy/Documents/GitHub/sn248/sundialr/sundialr.Rcheck/00_pkg_src/sundialr/inst/include/sundials/sundials_linearsolver.h
-- Up-to-date: /home/quantilogy/Documents/GitHub/sn248/sundialr/sundialr.Rcheck/00_pkg_src/sundialr/inst/include/sundials/sundials_linearsolver.hpp
-- Up-to-date: /home/quantilogy/Documents/GitHub/sn248/sundialr/sundialr.Rcheck/00_pkg_src/sundialr/inst/include/sundials/sundials_logger.h
-- Up-to-date: /home/quantilogy/Documents/GitHub/sn248/sundialr/sundialr.Rcheck/00_pkg_src/sundialr/inst/include/sundials/sundials_logger.hpp
-- Up-to-date: /home/quantilogy/Documents/GitHub/sn248/sundialr/sundialr.Rcheck/00_pkg_src/sundialr/inst/include/sundials/sundials_math.h
-- Up-to-date: /home/quantilogy/Documents/GitHub/sn248/sundialr/sundialr.Rcheck/00_pkg_src/sundialr/inst/include/sundials/sundials_matrix.h
-- Up-to-date: /home/quantilogy/Documents/GitHub/sn248/sundialr/sundialr.Rcheck/00_pkg_src/sundialr/inst/include/sundials/sundials_matrix.hpp
-- Up-to-date: /home/quantilogy/Documents/GitHub/sn248/sundialr/sundialr.Rcheck/00_pkg_src/sundialr/inst/include/sundials/sundials_memory.h
-- Up-to-date: /home/quantilogy/Documents/GitHub/sn248/sundialr/sundialr.Rcheck/00_pkg_src/sundialr/inst/include/sundials/sundials_memory.hpp
-- Up-to-date: /home/quantilogy/Documents/GitHub/sn248/sundialr/sundialr.Rcheck/00_pkg_src/sundialr/inst/include/sundials/sundials_mpi_types.h
-- Up-to-date: /home/quantilogy/Documents/GitHub/sn248/sundialr/sundialr.Rcheck/00_pkg_src/sundialr/inst/include/sundials/sundials_nonlinearsolver.h
-- Up-to-date: /home/quantilogy/Documents/GitHub/sn248/sundialr/sundialr.Rcheck/00_pkg_src/sundialr/inst/include/sundials/sundials_nonlinearsolver.hpp
-- Up-to-date: /home/quantilogy/Documents/GitHub/sn248/sundialr/sundialr.Rcheck/00_pkg_src/sundialr/inst/include/sundials/sundials_nvector.h
-- Up-to-date: /home/quantilogy/Documents/GitHub/sn248/sundialr/sundialr.Rcheck/00_pkg_src/sundialr/inst/include/sundials/sundials_nvector.hpp
-- Up-to-date: /home/quantilogy/Documents/GitHub/sn248/sundialr/sundialr.Rcheck/00_pkg_src/sundialr/inst/include/sundials/sundials_profiler.h
-- Up-to-date: /home/quantilogy/Documents/GitHub/sn248/sundialr/sundialr.Rcheck/00_pkg_src/sundialr/inst/include/sundials/sundials_profiler.hpp
-- Up-to-date: /home/quantilogy/Documents/GitHub/sn248/sundialr/sundialr.Rcheck/00_pkg_src/sundialr/inst/include/sundials/sundials_stepper.h
-- Up-to-date: /home/quantilogy/Documents/GitHub/sn248/sundialr/sundialr.Rcheck/00_pkg_src/sundialr/inst/include/sundials/sundials_stepper.hpp
-- Up-to-date: /home/quantilogy/Documents/GitHub/sn248/sundialr/sundialr.Rcheck/00_pkg_src/sundialr/inst/include/sundials/sundials_types_deprecated.h
-- Up-to-date: /home/quantilogy/Documents/GitHub/sn248/sundialr/sundialr.Rcheck/00_pkg_src/sundialr/inst/include/sundials/sundials_types.h
-- Up-to-date: /home/quantilogy/Documents/GitHub/sn248/sundialr/sundialr.Rcheck/00_pkg_src/sundialr/inst/include/sundials/sundials_version.h
-- Up-to-date: /home/quantilogy/Documents/GitHub/sn248/sundialr/sundialr.Rcheck/00_pkg_src/sundialr/inst/include/sundials/priv/sundials_context_impl.h
-- Up-to-date: /home/quantilogy/Documents/GitHub/sn248/sundialr/sundialr.Rcheck/00_pkg_src/sundialr/inst/include/sundials/priv/sundials_errors_impl.h
-- Up-to-date: /home/quantilogy/Documents/GitHub/sn248/sundialr/sundialr.Rcheck/00_pkg_src/sundialr/inst/include/sundials/priv/sundials_logger_macros.h

Install NVECTOR_SERIAL

-- Installing: /home/quantilogy/Documents/GitHub/sn248/sundialr/sundialr.Rcheck/00_pkg_src/sundialr/inst/lib/libsundials_nvecserial.a
-- Up-to-date: /home/quantilogy/Documents/GitHub/sn248/sundialr/sundialr.Rcheck/00_pkg_src/sundialr/inst/include/nvector/nvector_serial.h

Install NVECTOR_MANYVECTOR

-- Installing: /home/quantilogy/Documents/GitHub/sn248/sundialr/sundialr.Rcheck/00_pkg_src/sundialr/inst/lib/libsundials_nvecmanyvector.a
-- Up-to-date: /home/quantilogy/Documents/GitHub/sn248/sundialr/sundialr.Rcheck/00_pkg_src/sundialr/inst/include/nvector/nvector_manyvector.h

Install SUNMATRIX_BAND

-- Installing: /home/quantilogy/Documents/GitHub/sn248/sundialr/sundialr.Rcheck/00_pkg_src/sundialr/inst/lib/libsundials_sunmatrixband.a
-- Up-to-date: /home/quantilogy/Documents/GitHub/sn248/sundialr/sundialr.Rcheck/00_pkg_src/sundialr/inst/include/sunmatrix/sunmatrix_band.h

Install SUNMATRIX_DENSE

-- Installing: /home/quantilogy/Documents/GitHub/sn248/sundialr/sundialr.Rcheck/00_pkg_src/sundialr/inst/lib/libsundials_sunmatrixdense.a
-- Up-to-date: /home/quantilogy/Documents/GitHub/sn248/sundialr/sundialr.Rcheck/00_pkg_src/sundialr/inst/include/sunmatrix/sunmatrix_dense.h

Install SUNMATRIX_SPARSE

-- Installing: /home/quantilogy/Documents/GitHub/sn248/sundialr/sundialr.Rcheck/00_pkg_src/sundialr/inst/lib/libsundials_sunmatrixsparse.a
-- Up-to-date: /home/quantilogy/Documents/GitHub/sn248/sundialr/sundialr.Rcheck/00_pkg_src/sundialr/inst/include/sunmatrix/sunmatrix_sparse.h

Install SUNLINSOL_BAND

-- Installing: /home/quantilogy/Documents/GitHub/sn248/sundialr/sundialr.Rcheck/00_pkg_src/sundialr/inst/lib/libsundials_sunlinsolband.a
-- Up-to-date: /home/quantilogy/Documents/GitHub/sn248/sundialr/sundialr.Rcheck/00_pkg_src/sundialr/inst/include/sunlinsol/sunlinsol_band.h

Install SUNLINSOL_DENSE

-- Installing: /home/quantilogy/Documents/GitHub/sn248/sundialr/sundialr.Rcheck/00_pkg_src/sundialr/inst/lib/libsundials_sunlinsoldense.a
-- Up-to-date: /home/quantilogy/Documents/GitHub/sn248/sundialr/sundialr.Rcheck/00_pkg_src/sundialr/inst/include/sunlinsol/sunlinsol_dense.h

Install SUNLINSOL_PCG

-- Installing: /home/quantilogy/Documents/GitHub/sn248/sundialr/sundialr.Rcheck/00_pkg_src/sundialr/inst/lib/libsundials_sunlinsolpcg.a
-- Up-to-date: /home/quantilogy/Documents/GitHub/sn248/sundialr/sundialr.Rcheck/00_pkg_src/sundialr/inst/include/sunlinsol/sunlinsol_pcg.h

Install SUNLINSOL_SPBCGS

-- Installing: /home/quantilogy/Documents/GitHub/sn248/sundialr/sundialr.Rcheck/00_pkg_src/sundialr/inst/lib/libsundials_sunlinsolspbcgs.a
-- Up-to-date: /home/quantilogy/Documents/GitHub/sn248/sundialr/sundialr.Rcheck/00_pkg_src/sundialr/inst/include/sunlinsol/sunlinsol_spbcgs.h

Install SUNLINSOL_SPFGMR

-- Installing: /home/quantilogy/Documents/GitHub/sn248/sundialr/sundialr.Rcheck/00_pkg_src/sundialr/inst/lib/libsundials_sunlinsolspfgmr.a
-- Up-to-date: /home/quantilogy/Documents/GitHub/sn248/sundialr/sundialr.Rcheck/00_pkg_src/sundialr/inst/include/sunlinsol/sunlinsol_spfgmr.h

Install SUNLINSOL_SPGMR

-- Installing: /home/quantilogy/Documents/GitHub/sn248/sundialr/sundialr.Rcheck/00_pkg_src/sundialr/inst/lib/libsundials_sunlinsolspgmr.a
-- Up-to-date: /home/quantilogy/Documents/GitHub/sn248/sundialr/sundialr.Rcheck/00_pkg_src/sundialr/inst/include/sunlinsol/sunlinsol_spgmr.h

Install SUNLINSOL_SPTFQMR

-- Installing: /home/quantilogy/Documents/GitHub/sn248/sundialr/sundialr.Rcheck/00_pkg_src/sundialr/inst/lib/libsundials_sunlinsolsptfqmr.a
-- Up-to-date: /home/quantilogy/Documents/GitHub/sn248/sundialr/sundialr.Rcheck/00_pkg_src/sundialr/inst/include/sunlinsol/sunlinsol_sptfqmr.h

Install SUNNONLINSOL_NEWTON

-- Installing: /home/quantilogy/Documents/GitHub/sn248/sundialr/sundialr.Rcheck/00_pkg_src/sundialr/inst/lib/libsundials_sunnonlinsolnewton.a
-- Up-to-date: /home/quantilogy/Documents/GitHub/sn248/sundialr/sundialr.Rcheck/00_pkg_src/sundialr/inst/include/sunnonlinsol/sunnonlinsol_newton.h

Install SUNNONLINSOL_FIXEDPOINT

-- Installing: /home/quantilogy/Documents/GitHub/sn248/sundialr/sundialr.Rcheck/00_pkg_src/sundialr/inst/lib/libsundials_sunnonlinsolfixedpoint.a
-- Up-to-date: /home/quantilogy/Documents/GitHub/sn248/sundialr/sundialr.Rcheck/00_pkg_src/sundialr/inst/include/sunnonlinsol/sunnonlinsol_fixedpoint.h
-- Up-to-date: /home/quantilogy/Documents/GitHub/sn248/sundialr/sundialr.Rcheck/00_pkg_src/sundialr/inst/include/sunmemory/sunmemory_system.h
-- Up-to-date: /home/quantilogy/Documents/GitHub/sn248/sundialr/sundialr.Rcheck/00_pkg_src/sundialr/inst/include/sunadaptcontroller/sunadaptcontroller_imexgus.h
-- Up-to-date: /home/quantilogy/Documents/GitHub/sn248/sundialr/sundialr.Rcheck/00_pkg_src/sundialr/inst/include/sunadaptcontroller/sunadaptcontroller_soderlind.h
-- Up-to-date: /home/quantilogy/Documents/GitHub/sn248/sundialr/sundialr.Rcheck/00_pkg_src/sundialr/inst/include/sunadaptcontroller/sunadaptcontroller_mrihtol.h
-- Up-to-date: /home/quantilogy/Documents/GitHub/sn248/sundialr/sundialr.Rcheck/00_pkg_src/sundialr/inst/include/sunadjointcheckpointscheme/sundials_adjointstepper.h
-- Up-to-date: /home/quantilogy/Documents/GitHub/sn248/sundialr/sundialr.Rcheck/00_pkg_src/sundialr/inst/include/sunadjointcheckpointscheme/sundials_adjointcheckpointscheme.h
-- Up-to-date: /home/quantilogy/Documents/GitHub/sn248/sundialr/sundialr.Rcheck/00_pkg_src/sundialr/inst/include/sunadjointcheckpointscheme/sunadjointcheckpointscheme_fixed.h

Install SUNDOMEIGEST_POWER

-- Installing: /home/quantilogy/Documents/GitHub/sn248/sundialr/sundialr.Rcheck/00_pkg_src/sundialr/inst/lib/libsundials_sundomeigestpower.a
-- Up-to-date: /home/quantilogy/Documents/GitHub/sn248/sundialr/sundialr.Rcheck/00_pkg_src/sundialr/inst/include/sundomeigest/sundomeigest_power.h

Install ARKODE

-- Installing: /home/quantilogy/Documents/GitHub/sn248/sundialr/sundialr.Rcheck/00_pkg_src/sundialr/inst/lib/libsundials_arkode.a
-- Up-to-date: /home/quantilogy/Documents/GitHub/sn248/sundialr/sundialr.Rcheck/00_pkg_src/sundialr/inst/include/arkode/arkode.h
-- Up-to-date: /home/quantilogy/Documents/GitHub/sn248/sundialr/sundialr.Rcheck/00_pkg_src/sundialr/inst/include/arkode/arkode.hpp
-- Up-to-date: /home/quantilogy/Documents/GitHub/sn248/sundialr/sundialr.Rcheck/00_pkg_src/sundialr/inst/include/arkode/arkode_arkstep.h
-- Up-to-date: /home/quantilogy/Documents/GitHub/sn248/sundialr/sundialr.Rcheck/00_pkg_src/sundialr/inst/include/arkode/arkode_arkstep.hpp
-- Up-to-date: /home/quantilogy/Documents/GitHub/sn248/sundialr/sundialr.Rcheck/00_pkg_src/sundialr/inst/include/arkode/arkode_arkstep_deprecated.h
-- Up-to-date: /home/quantilogy/Documents/GitHub/sn248/sundialr/sundialr.Rcheck/00_pkg_src/sundialr/inst/include/arkode/arkode_bandpre.h
-- Up-to-date: /home/quantilogy/Documents/GitHub/sn248/sundialr/sundialr.Rcheck/00_pkg_src/sundialr/inst/include/arkode/arkode_bbdpre.h
-- Up-to-date: /home/quantilogy/Documents/GitHub/sn248/sundialr/sundialr.Rcheck/00_pkg_src/sundialr/inst/include/arkode/arkode_butcher.h
-- Up-to-date: /home/quantilogy/Documents/GitHub/sn248/sundialr/sundialr.Rcheck/00_pkg_src/sundialr/inst/include/arkode/arkode_butcher_dirk.h
-- Up-to-date: /home/quantilogy/Documents/GitHub/sn248/sundialr/sundialr.Rcheck/00_pkg_src/sundialr/inst/include/arkode/arkode_butcher_erk.h
-- Up-to-date: /home/quantilogy/Documents/GitHub/sn248/sundialr/sundialr.Rcheck/00_pkg_src/sundialr/inst/include/arkode/arkode_erkstep.h
-- Up-to-date: /home/quantilogy/Documents/GitHub/sn248/sundialr/sundialr.Rcheck/00_pkg_src/sundialr/inst/include/arkode/arkode_erkstep.hpp
-- Up-to-date: /home/quantilogy/Documents/GitHub/sn248/sundialr/sundialr.Rcheck/00_pkg_src/sundialr/inst/include/arkode/arkode_erkstep_deprecated.h
-- Up-to-date: /home/quantilogy/Documents/GitHub/sn248/sundialr/sundialr.Rcheck/00_pkg_src/sundialr/inst/include/arkode/arkode_forcingstep.h
-- Up-to-date: /home/quantilogy/Documents/GitHub/sn248/sundialr/sundialr.Rcheck/00_pkg_src/sundialr/inst/include/arkode/arkode_forcingstep.hpp
-- Up-to-date: /home/quantilogy/Documents/GitHub/sn248/sundialr/sundialr.Rcheck/00_pkg_src/sundialr/inst/include/arkode/arkode_ls.h
-- Up-to-date: /home/quantilogy/Documents/GitHub/sn248/sundialr/sundialr.Rcheck/00_pkg_src/sundialr/inst/include/arkode/arkode_lsrkstep.h
-- Up-to-date: /home/quantilogy/Documents/GitHub/sn248/sundialr/sundialr.Rcheck/00_pkg_src/sundialr/inst/include/arkode/arkode_lsrkstep.hpp
-- Up-to-date: /home/quantilogy/Documents/GitHub/sn248/sundialr/sundialr.Rcheck/00_pkg_src/sundialr/inst/include/arkode/arkode_mristep.h
-- Up-to-date: /home/quantilogy/Documents/GitHub/sn248/sundialr/sundialr.Rcheck/00_pkg_src/sundialr/inst/include/arkode/arkode_mristep.hpp
-- Up-to-date: /home/quantilogy/Documents/GitHub/sn248/sundialr/sundialr.Rcheck/00_pkg_src/sundialr/inst/include/arkode/arkode_mristep_deprecated.h
-- Up-to-date: /home/quantilogy/Documents/GitHub/sn248/sundialr/sundialr.Rcheck/00_pkg_src/sundialr/inst/include/arkode/arkode_splittingstep.h
-- Up-to-date: /home/quantilogy/Documents/GitHub/sn248/sundialr/sundialr.Rcheck/00_pkg_src/sundialr/inst/include/arkode/arkode_splittingstep.hpp
-- Up-to-date: /home/quantilogy/Documents/GitHub/sn248/sundialr/sundialr.Rcheck/00_pkg_src/sundialr/inst/include/arkode/arkode_sprk.h
-- Up-to-date: /home/quantilogy/Documents/GitHub/sn248/sundialr/sundialr.Rcheck/00_pkg_src/sundialr/inst/include/arkode/arkode_sprkstep.h
-- Up-to-date: /home/quantilogy/Documents/GitHub/sn248/sundialr/sundialr.Rcheck/00_pkg_src/sundialr/inst/include/arkode/arkode_sprkstep.hpp
-- Up-to-date: /home/quantilogy/Documents/GitHub/sn248/sundialr/sundialr.Rcheck/00_pkg_src/sundialr/inst/include/arkode/arkode_sprkstep_deprecated.h

Install CVODE

-- Installing: /home/quantilogy/Documents/GitHub/sn248/sundialr/sundialr.Rcheck/00_pkg_src/sundialr/inst/lib/libsundials_cvode.a
-- Up-to-date: /home/quantilogy/Documents/GitHub/sn248/sundialr/sundialr.Rcheck/00_pkg_src/sundialr/inst/include/cvode/cvode.h
-- Up-to-date: /home/quantilogy/Documents/GitHub/sn248/sundialr/sundialr.Rcheck/00_pkg_src/sundialr/inst/include/cvode/cvode.hpp
-- Up-to-date: /home/quantilogy/Documents/GitHub/sn248/sundialr/sundialr.Rcheck/00_pkg_src/sundialr/inst/include/cvode/cvode_bandpre.h
-- Up-to-date: /home/quantilogy/Documents/GitHub/sn248/sundialr/sundialr.Rcheck/00_pkg_src/sundialr/inst/include/cvode/cvode_bbdpre.h
-- Up-to-date: /home/quantilogy/Documents/GitHub/sn248/sundialr/sundialr.Rcheck/00_pkg_src/sundialr/inst/include/cvode/cvode_diag.h
-- Up-to-date: /home/quantilogy/Documents/GitHub/sn248/sundialr/sundialr.Rcheck/00_pkg_src/sundialr/inst/include/cvode/cvode_ls.h
-- Up-to-date: /home/quantilogy/Documents/GitHub/sn248/sundialr/sundialr.Rcheck/00_pkg_src/sundialr/inst/include/cvode/cvode_proj.h

Install CVODES

-- Installing: /home/quantilogy/Documents/GitHub/sn248/sundialr/sundialr.Rcheck/00_pkg_src/sundialr/inst/lib/libsundials_cvodes.a
-- Up-to-date: /home/quantilogy/Documents/GitHub/sn248/sundialr/sundialr.Rcheck/00_pkg_src/sundialr/inst/include/cvodes/cvodes.h
-- Up-to-date: /home/quantilogy/Documents/GitHub/sn248/sundialr/sundialr.Rcheck/00_pkg_src/sundialr/inst/include/cvodes/cvodes.hpp
-- Up-to-date: /home/quantilogy/Documents/GitHub/sn248/sundialr/sundialr.Rcheck/00_pkg_src/sundialr/inst/include/cvodes/cvodes_bandpre.h
-- Up-to-date: /home/quantilogy/Documents/GitHub/sn248/sundialr/sundialr.Rcheck/00_pkg_src/sundialr/inst/include/cvodes/cvodes_bbdpre.h
-- Up-to-date: /home/quantilogy/Documents/GitHub/sn248/sundialr/sundialr.Rcheck/00_pkg_src/sundialr/inst/include/cvodes/cvodes_diag.h
-- Up-to-date: /home/quantilogy/Documents/GitHub/sn248/sundialr/sundialr.Rcheck/00_pkg_src/sundialr/inst/include/cvodes/cvodes_ls.h
-- Up-to-date: /home/quantilogy/Documents/GitHub/sn248/sundialr/sundialr.Rcheck/00_pkg_src/sundialr/inst/include/cvodes/cvodes_proj.h

Install IDA

-- Installing: /home/quantilogy/Documents/GitHub/sn248/sundialr/sundialr.Rcheck/00_pkg_src/sundialr/inst/lib/libsundials_ida.a
-- Up-to-date: /home/quantilogy/Documents/GitHub/sn248/sundialr/sundialr.Rcheck/00_pkg_src/sundialr/inst/include/ida/ida.h
-- Up-to-date: /home/quantilogy/Documents/GitHub/sn248/sundialr/sundialr.Rcheck/00_pkg_src/sundialr/inst/include/ida/ida.hpp
-- Up-to-date: /home/quantilogy/Documents/GitHub/sn248/sundialr/sundialr.Rcheck/00_pkg_src/sundialr/inst/include/ida/ida_bbdpre.h
-- Up-to-date: /home/quantilogy/Documents/GitHub/sn248/sundialr/sundialr.Rcheck/00_pkg_src/sundialr/inst/include/ida/ida_ls.h

Install IDAS

-- Installing: /home/quantilogy/Documents/GitHub/sn248/sundialr/sundialr.Rcheck/00_pkg_src/sundialr/inst/lib/libsundials_idas.a
-- Up-to-date: /home/quantilogy/Documents/GitHub/sn248/sundialr/sundialr.Rcheck/00_pkg_src/sundialr/inst/include/idas/idas.h
-- Up-to-date: /home/quantilogy/Documents/GitHub/sn248/sundialr/sundialr.Rcheck/00_pkg_src/sundialr/inst/include/idas/idas.hpp
-- Up-to-date: /home/quantilogy/Documents/GitHub/sn248/sundialr/sundialr.Rcheck/00_pkg_src/sundialr/inst/include/idas/idas_bbdpre.h
-- Up-to-date: /home/quantilogy/Documents/GitHub/sn248/sundialr/sundialr.Rcheck/00_pkg_src/sundialr/inst/include/idas/idas_ls.h

Install KINSOL

-- Installing: /home/quantilogy/Documents/GitHub/sn248/sundialr/sundialr.Rcheck/00_pkg_src/sundialr/inst/lib/libsundials_kinsol.a
-- Up-to-date: /home/quantilogy/Documents/GitHub/sn248/sundialr/sundialr.Rcheck/00_pkg_src/sundialr/inst/include/kinsol/kinsol.h
-- Up-to-date: /home/quantilogy/Documents/GitHub/sn248/sundialr/sundialr.Rcheck/00_pkg_src/sundialr/inst/include/kinsol/kinsol.hpp
-- Up-to-date: /home/quantilogy/Documents/GitHub/sn248/sundialr/sundialr.Rcheck/00_pkg_src/sundialr/inst/include/kinsol/kinsol_bbdpre.h
-- Up-to-date: /home/quantilogy/Documents/GitHub/sn248/sundialr/sundialr.Rcheck/00_pkg_src/sundialr/inst/include/kinsol/kinsol_ls.h
-- Installing: /home/quantilogy/Documents/GitHub/sn248/sundialr/sundialr.Rcheck/00_pkg_src/sundialr/inst/include/sundials/sundials_export.h
-- Installing: /home/quantilogy/Documents/GitHub/sn248/sundialr/sundialr.Rcheck/00_pkg_src/sundialr/inst/include/sundials/sundials_config.h
-- Up-to-date: /home/quantilogy/Documents/GitHub/sn248/sundialr/sundialr.Rcheck/00_pkg_src/sundialr/inst/include/sundials/LICENSE
-- Up-to-date: /home/quantilogy/Documents/GitHub/sn248/sundialr/sundialr.Rcheck/00_pkg_src/sundialr/inst/include/sundials/NOTICE
-- Installing: /home/quantilogy/Documents/GitHub/sn248/sundialr/sundialr.Rcheck/00_pkg_src/sundialr/inst/lib/cmake/sundials/SUNDIALSTargets.cmake
-- Installing: /home/quantilogy/Documents/GitHub/sn248/sundialr/sundialr.Rcheck/00_pkg_src/sundialr/inst/lib/cmake/sundials/SUNDIALSTargets-release.cmake
-- Installing: /home/quantilogy/Documents/GitHub/sn248/sundialr/sundialr.Rcheck/00_pkg_src/sundialr/inst/lib/cmake/sundials/SUNDIALSConfig.cmake
-- Installing: /home/quantilogy/Documents/GitHub/sn248/sundialr/sundialr.Rcheck/00_pkg_src/sundialr/inst/lib/cmake/sundials/SUNDIALSConfigVersion.cmake
configure: creating ./config.status
config.status: creating src/Makevars
** libs
using C++ compiler: ‘g++ (Ubuntu 13.3.0-6ubuntu2~24.04.1) 13.3.0’
g++ -std=gnu++17 -I"/usr/share/R/include" -DNDEBUG -I../inst/include/ -I./inst/ -DHAVE_CONFIG_H -DARMA_USE_CXX11 -I./sundials/sundials  -I'/home/quantilogy/R/x86_64-pc-linux-gnu-library/4.5/Rcpp/include' -I'/home/quantilogy/R/x86_64-pc-linux-gnu-library/4.5/RcppArmadillo/include'     -fpic  -g -O2 -fno-omit-frame-pointer -mno-omit-leaf-frame-pointer -ffile-prefix-map=/build/r-base-tpN123/r-base-4.5.3=. -fstack-protector-strong -fstack-clash-protection -Wformat -Werror=format-security -fcf-protection -fdebug-prefix-map=/build/r-base-tpN123/r-base-4.5.3=/usr/src/r-base-4.5.3-1.2404.0 -Wdate-time -D_FORTIFY_SOURCE=3   -c RcppExports.cpp -o RcppExports.o
g++ -std=gnu++17 -I"/usr/share/R/include" -DNDEBUG -I../inst/include/ -I./inst/ -DHAVE_CONFIG_H -DARMA_USE_CXX11 -I./sundials/sundials  -I'/home/quantilogy/R/x86_64-pc-linux-gnu-library/4.5/Rcpp/include' -I'/home/quantilogy/R/x86_64-pc-linux-gnu-library/4.5/RcppArmadillo/include'     -fpic  -g -O2 -fno-omit-frame-pointer -mno-omit-leaf-frame-pointer -ffile-prefix-map=/build/r-base-tpN123/r-base-4.5.3=. -fstack-protector-strong -fstack-clash-protection -Wformat -Werror=format-security -fcf-protection -fdebug-prefix-map=/build/r-base-tpN123/r-base-4.5.3=/usr/src/r-base-4.5.3-1.2404.0 -Wdate-time -D_FORTIFY_SOURCE=3   -c check_retval.cpp -o check_retval.o
g++ -std=gnu++17 -I"/usr/share/R/include" -DNDEBUG -I../inst/include/ -I./inst/ -DHAVE_CONFIG_H -DARMA_USE_CXX11 -I./sundials/sundials  -I'/home/quantilogy/R/x86_64-pc-linux-gnu-library/4.5/Rcpp/include' -I'/home/quantilogy/R/x86_64-pc-linux-gnu-library/4.5/RcppArmadillo/include'     -fpic  -g -O2 -fno-omit-frame-pointer -mno-omit-leaf-frame-pointer -ffile-prefix-map=/build/r-base-tpN123/r-base-4.5.3=. -fstack-protector-strong -fstack-clash-protection -Wformat -Werror=format-security -fcf-protection -fdebug-prefix-map=/build/r-base-tpN123/r-base-4.5.3=/usr/src/r-base-4.5.3-1.2404.0 -Wdate-time -D_FORTIFY_SOURCE=3   -c cvode.cpp -o cvode.o
g++ -std=gnu++17 -I"/usr/share/R/include" -DNDEBUG -I../inst/include/ -I./inst/ -DHAVE_CONFIG_H -DARMA_USE_CXX11 -I./sundials/sundials  -I'/home/quantilogy/R/x86_64-pc-linux-gnu-library/4.5/Rcpp/include' -I'/home/quantilogy/R/x86_64-pc-linux-gnu-library/4.5/RcppArmadillo/include'     -fpic  -g -O2 -fno-omit-frame-pointer -mno-omit-leaf-frame-pointer -ffile-prefix-map=/build/r-base-tpN123/r-base-4.5.3=. -fstack-protector-strong -fstack-clash-protection -Wformat -Werror=format-security -fcf-protection -fdebug-prefix-map=/build/r-base-tpN123/r-base-4.5.3=/usr/src/r-base-4.5.3-1.2404.0 -Wdate-time -D_FORTIFY_SOURCE=3   -c cvodes.cpp -o cvodes.o
g++ -std=gnu++17 -I"/usr/share/R/include" -DNDEBUG -I../inst/include/ -I./inst/ -DHAVE_CONFIG_H -DARMA_USE_CXX11 -I./sundials/sundials  -I'/home/quantilogy/R/x86_64-pc-linux-gnu-library/4.5/Rcpp/include' -I'/home/quantilogy/R/x86_64-pc-linux-gnu-library/4.5/RcppArmadillo/include'     -fpic  -g -O2 -fno-omit-frame-pointer -mno-omit-leaf-frame-pointer -ffile-prefix-map=/build/r-base-tpN123/r-base-4.5.3=. -fstack-protector-strong -fstack-clash-protection -Wformat -Werror=format-security -fcf-protection -fdebug-prefix-map=/build/r-base-tpN123/r-base-4.5.3=/usr/src/r-base-4.5.3-1.2404.0 -Wdate-time -D_FORTIFY_SOURCE=3   -c cvsolve.cpp -o cvsolve.o
g++ -std=gnu++17 -I"/usr/share/R/include" -DNDEBUG -I../inst/include/ -I./inst/ -DHAVE_CONFIG_H -DARMA_USE_CXX11 -I./sundials/sundials  -I'/home/quantilogy/R/x86_64-pc-linux-gnu-library/4.5/Rcpp/include' -I'/home/quantilogy/R/x86_64-pc-linux-gnu-library/4.5/RcppArmadillo/include'     -fpic  -g -O2 -fno-omit-frame-pointer -mno-omit-leaf-frame-pointer -ffile-prefix-map=/build/r-base-tpN123/r-base-4.5.3=. -fstack-protector-strong -fstack-clash-protection -Wformat -Werror=format-security -fcf-protection -fdebug-prefix-map=/build/r-base-tpN123/r-base-4.5.3=/usr/src/r-base-4.5.3-1.2404.0 -Wdate-time -D_FORTIFY_SOURCE=3   -c ida.cpp -o ida.o
g++ -std=gnu++17 -I"/usr/share/R/include" -DNDEBUG -I../inst/include/ -I./inst/ -DHAVE_CONFIG_H -DARMA_USE_CXX11 -I./sundials/sundials  -I'/home/quantilogy/R/x86_64-pc-linux-gnu-library/4.5/Rcpp/include' -I'/home/quantilogy/R/x86_64-pc-linux-gnu-library/4.5/RcppArmadillo/include'     -fpic  -g -O2 -fno-omit-frame-pointer -mno-omit-leaf-frame-pointer -ffile-prefix-map=/build/r-base-tpN123/r-base-4.5.3=. -fstack-protector-strong -fstack-clash-protection -Wformat -Werror=format-security -fcf-protection -fdebug-prefix-map=/build/r-base-tpN123/r-base-4.5.3=/usr/src/r-base-4.5.3-1.2404.0 -Wdate-time -D_FORTIFY_SOURCE=3   -c rhs_func.cpp -o rhs_func.o
g++ -std=gnu++17 -shared -L/usr/lib/R/lib -Wl,-Bsymbolic-functions -flto=auto -ffat-lto-objects -Wl,-z,relro -o sundialr.so RcppExports.o check_retval.o cvode.o cvodes.o cvsolve.o ida.o rhs_func.o -llapack -lblas -lgfortran -lm -lquadmath -L../inst/lib -L../inst/lib -lsundials_idas -lsundials_cvodes -lsundials_nvecserial -lsundials_sunlinsoldense -lsundials_sunmatrixdense -lsundials_core -lm -L/usr/lib/R/lib -lR
installing to /home/quantilogy/Documents/GitHub/sn248/sundialr/sundialr.Rcheck/00LOCK-sundialr/00new/sundialr/libs
** R
** inst
** byte-compile and prepare package for lazy loading
** help
*** installing help indices
*** copying figures
** building package indices
** installing vignettes
** testing if installed package can be loaded from temporary location
** checking absolute paths in shared objects and dynamic libraries
** testing if installed package can be loaded from final location
** testing if installed package keeps a record of temporary installation path
* DONE (sundialr)
